The system is: Linux - 2.6.37.6 - x86_64
Compiling the C compiler identification source file "CMakeCCompilerId.c" succeeded.
Compiler: /usr/bin/cc 
Build flags: 
Id flags: 

The output was:
0


Compilation of the C compiler identification source "CMakeCCompilerId.c" produced "a.out"

The C compiler identification is GNU, found in "/home/varsha/in_place_of_vatic/src/CMakeFiles/2.8.10.2/CompilerIdC/a.out"

Compiling the CXX compiler identification source file "CMakeCXXCompilerId.cpp" succeeded.
Compiler: /usr/bin/c++ 
Build flags: 
Id flags: 

The output was:
0


Compilation of the CXX compiler identification source "CMakeCXXCompilerId.cpp" produced "a.out"

The CXX compiler identification is GNU, found in "/home/varsha/in_place_of_vatic/src/CMakeFiles/2.8.10.2/CompilerIdCXX/a.out"

Determining if the C compiler works passed with the following output:
Change Dir: /home/varsha/in_place_of_vatic/src/CMakeFiles/CMakeTmp

Run Build Command:/usr/bin/gmake "cmTryCompileExec1837698860/fast"
/usr/bin/gmake -f CMakeFiles/cmTryCompileExec1837698860.dir/build.make CMakeFiles/cmTryCompileExec1837698860.dir/build
gmake[1]: Entering directory `/home/varsha/in_place_of_vatic/src/CMakeFiles/CMakeTmp'
/usr/local/bin/cmake -E cmake_progress_report /home/varsha/in_place_of_vatic/src/CMakeFiles/CMakeTmp/CMakeFiles 1
Building C object CMakeFiles/cmTryCompileExec1837698860.dir/testCCompiler.c.o
/usr/bin/cc    -o CMakeFiles/cmTryCompileExec1837698860.dir/testCCompiler.c.o   -c /home/varsha/in_place_of_vatic/src/CMakeFiles/CMakeTmp/testCCompiler.c
Linking C executable cmTryCompileExec1837698860
/usr/local/bin/cmake -E cmake_link_script CMakeFiles/cmTryCompileExec1837698860.dir/link.txt --verbose=1
/usr/bin/cc         CMakeFiles/cmTryCompileExec1837698860.dir/testCCompiler.c.o  -o cmTryCompileExec1837698860 -rdynamic 
gmake[1]: Leaving directory `/home/varsha/in_place_of_vatic/src/CMakeFiles/CMakeTmp'


Detecting C compiler ABI info compiled with the following output:
Change Dir: /home/varsha/in_place_of_vatic/src/CMakeFiles/CMakeTmp

Run Build Command:/usr/bin/gmake "cmTryCompileExec3624175279/fast"
/usr/bin/gmake -f CMakeFiles/cmTryCompileExec3624175279.dir/build.make CMakeFiles/cmTryCompileExec3624175279.dir/build
gmake[1]: Entering directory `/home/varsha/in_place_of_vatic/src/CMakeFiles/CMakeTmp'
/usr/local/bin/cmake -E cmake_progress_report /home/varsha/in_place_of_vatic/src/CMakeFiles/CMakeTmp/CMakeFiles 1
Building C object CMakeFiles/cmTryCompileExec3624175279.dir/CMakeCCompilerABI.c.o
/usr/bin/cc    -o CMakeFiles/cmTryCompileExec3624175279.dir/CMakeCCompilerABI.c.o   -c /usr/local/share/cmake-2.8/Modules/CMakeCCompilerABI.c
Linking C executable cmTryCompileExec3624175279
/usr/local/bin/cmake -E cmake_link_script CMakeFiles/cmTryCompileExec3624175279.dir/link.txt --verbose=1
/usr/bin/cc       -v CMakeFiles/cmTryCompileExec3624175279.dir/CMakeCCompilerABI.c.o  -o cmTryCompileExec3624175279 -rdynamic  
Reading specs from /usr/lib64/gcc/x86_64-slackware-linux/4.5.2/specs
COLLECT_GCC=/usr/bin/cc
COLLECT_LTO_WRAPPER=/usr/libexec/gcc/x86_64-slackware-linux/4.5.2/lto-wrapper
Target: x86_64-slackware-linux
Configured with: ../gcc-4.5.2/configure --prefix=/usr --libdir=/usr/lib64 --mandir=/usr/man --infodir=/usr/info --enable-shared --enable-bootstrap --enable-languages=ada,c,c++,fortran,java,objc,lto --enable-threads=posix --enable-checking=release --with-system-zlib --with-python-dir=/lib64/python2.6/site-packages --disable-libunwind-exceptions --enable-__cxa_atexit --enable-libssp --enable-lto --with-gnu-ld --verbose --disable-multilib --target=x86_64-slackware-linux --build=x86_64-slackware-linux --host=x86_64-slackware-linux
Thread model: posix
gcc version 4.5.2 (GCC) 
COMPILER_PATH=/usr/libexec/gcc/x86_64-slackware-linux/4.5.2/:/usr/libexec/gcc/x86_64-slackware-linux/4.5.2/:/usr/libexec/gcc/x86_64-slackware-linux/:/usr/lib64/gcc/x86_64-slackware-linux/4.5.2/:/usr/lib64/gcc/x86_64-slackware-linux/:/usr/lib64/gcc/x86_64-slackware-linux/4.5.2/../../../../x86_64-slackware-linux/bin/
LIBRARY_PATH=/usr/lib64/gcc/x86_64-slackware-linux/4.5.2/:/usr/lib64/gcc/x86_64-slackware-linux/4.5.2/../../../../lib64/:/lib/../lib64/:/usr/lib/../lib64/:/usr/lib64/gcc/x86_64-slackware-linux/4.5.2/../../../../x86_64-slackware-linux/lib/:/usr/lib64/gcc/x86_64-slackware-linux/4.5.2/../../../:/lib/:/usr/lib/
COLLECT_GCC_OPTIONS='-v' '-o' 'cmTryCompileExec3624175279' '-rdynamic' '-mtune=generic' '-march=x86-64'
 /usr/libexec/gcc/x86_64-slackware-linux/4.5.2/collect2 --eh-frame-hdr -m elf_x86_64 -export-dynamic -dynamic-linker /lib64/ld-linux-x86-64.so.2 -o cmTryCompileExec3624175279 /usr/lib64/gcc/x86_64-slackware-linux/4.5.2/../../../../lib64/crt1.o /usr/lib64/gcc/x86_64-slackware-linux/4.5.2/../../../../lib64/crti.o /usr/lib64/gcc/x86_64-slackware-linux/4.5.2/crtbegin.o -L/usr/lib64/gcc/x86_64-slackware-linux/4.5.2 -L/usr/lib64/gcc/x86_64-slackware-linux/4.5.2/../../../../lib64 -L/lib/../lib64 -L/usr/lib/../lib64 -L/usr/lib64/gcc/x86_64-slackware-linux/4.5.2/../../../../x86_64-slackware-linux/lib -L/usr/lib64/gcc/x86_64-slackware-linux/4.5.2/../../.. CMakeFiles/cmTryCompileExec3624175279.dir/CMakeCCompilerABI.c.o -lgcc --as-needed -lgcc_s --no-as-needed -lc -lgcc --as-needed -lgcc_s --no-as-needed /usr/lib64/gcc/x86_64-slackware-linux/4.5.2/crtend.o /usr/lib64/gcc/x86_64-slackware-linux/4.5.2/../../../../lib64/crtn.o
gmake[1]: Leaving directory `/home/varsha/in_place_of_vatic/src/CMakeFiles/CMakeTmp'


Parsed C implicit link information from above output:
  link line regex: [^( *|.*[/\])(ld|ld|collect2)[^/\]*( |$)]
  ignore line: [Change Dir: /home/varsha/in_place_of_vatic/src/CMakeFiles/CMakeTmp]
  ignore line: []
  ignore line: [Run Build Command:/usr/bin/gmake "cmTryCompileExec3624175279/fast"]
  ignore line: [/usr/bin/gmake -f CMakeFiles/cmTryCompileExec3624175279.dir/build.make CMakeFiles/cmTryCompileExec3624175279.dir/build]
  ignore line: [gmake[1]: Entering directory `/home/varsha/in_place_of_vatic/src/CMakeFiles/CMakeTmp']
  ignore line: [/usr/local/bin/cmake -E cmake_progress_report /home/varsha/in_place_of_vatic/src/CMakeFiles/CMakeTmp/CMakeFiles 1]
  ignore line: [Building C object CMakeFiles/cmTryCompileExec3624175279.dir/CMakeCCompilerABI.c.o]
  ignore line: [/usr/bin/cc    -o CMakeFiles/cmTryCompileExec3624175279.dir/CMakeCCompilerABI.c.o   -c /usr/local/share/cmake-2.8/Modules/CMakeCCompilerABI.c]
  ignore line: [Linking C executable cmTryCompileExec3624175279]
  ignore line: [/usr/local/bin/cmake -E cmake_link_script CMakeFiles/cmTryCompileExec3624175279.dir/link.txt --verbose=1]
  ignore line: [/usr/bin/cc       -v CMakeFiles/cmTryCompileExec3624175279.dir/CMakeCCompilerABI.c.o  -o cmTryCompileExec3624175279 -rdynamic  ]
  ignore line: [Reading specs from /usr/lib64/gcc/x86_64-slackware-linux/4.5.2/specs]
  ignore line: [COLLECT_GCC=/usr/bin/cc]
  ignore line: [COLLECT_LTO_WRAPPER=/usr/libexec/gcc/x86_64-slackware-linux/4.5.2/lto-wrapper]
  ignore line: [Target: x86_64-slackware-linux]
  ignore line: [Configured with: ../gcc-4.5.2/configure --prefix=/usr --libdir=/usr/lib64 --mandir=/usr/man --infodir=/usr/info --enable-shared --enable-bootstrap --enable-languages=ada,c,c++,fortran,java,objc,lto --enable-threads=posix --enable-checking=release --with-system-zlib --with-python-dir=/lib64/python2.6/site-packages --disable-libunwind-exceptions --enable-__cxa_atexit --enable-libssp --enable-lto --with-gnu-ld --verbose --disable-multilib --target=x86_64-slackware-linux --build=x86_64-slackware-linux --host=x86_64-slackware-linux]
  ignore line: [Thread model: posix]
  ignore line: [gcc version 4.5.2 (GCC) ]
  ignore line: [COMPILER_PATH=/usr/libexec/gcc/x86_64-slackware-linux/4.5.2/:/usr/libexec/gcc/x86_64-slackware-linux/4.5.2/:/usr/libexec/gcc/x86_64-slackware-linux/:/usr/lib64/gcc/x86_64-slackware-linux/4.5.2/:/usr/lib64/gcc/x86_64-slackware-linux/:/usr/lib64/gcc/x86_64-slackware-linux/4.5.2/../../../../x86_64-slackware-linux/bin/]
  ignore line: [LIBRARY_PATH=/usr/lib64/gcc/x86_64-slackware-linux/4.5.2/:/usr/lib64/gcc/x86_64-slackware-linux/4.5.2/../../../../lib64/:/lib/../lib64/:/usr/lib/../lib64/:/usr/lib64/gcc/x86_64-slackware-linux/4.5.2/../../../../x86_64-slackware-linux/lib/:/usr/lib64/gcc/x86_64-slackware-linux/4.5.2/../../../:/lib/:/usr/lib/]
  ignore line: [COLLECT_GCC_OPTIONS='-v' '-o' 'cmTryCompileExec3624175279' '-rdynamic' '-mtune=generic' '-march=x86-64']
  link line: [ /usr/libexec/gcc/x86_64-slackware-linux/4.5.2/collect2 --eh-frame-hdr -m elf_x86_64 -export-dynamic -dynamic-linker /lib64/ld-linux-x86-64.so.2 -o cmTryCompileExec3624175279 /usr/lib64/gcc/x86_64-slackware-linux/4.5.2/../../../../lib64/crt1.o /usr/lib64/gcc/x86_64-slackware-linux/4.5.2/../../../../lib64/crti.o /usr/lib64/gcc/x86_64-slackware-linux/4.5.2/crtbegin.o -L/usr/lib64/gcc/x86_64-slackware-linux/4.5.2 -L/usr/lib64/gcc/x86_64-slackware-linux/4.5.2/../../../../lib64 -L/lib/../lib64 -L/usr/lib/../lib64 -L/usr/lib64/gcc/x86_64-slackware-linux/4.5.2/../../../../x86_64-slackware-linux/lib -L/usr/lib64/gcc/x86_64-slackware-linux/4.5.2/../../.. CMakeFiles/cmTryCompileExec3624175279.dir/CMakeCCompilerABI.c.o -lgcc --as-needed -lgcc_s --no-as-needed -lc -lgcc --as-needed -lgcc_s --no-as-needed /usr/lib64/gcc/x86_64-slackware-linux/4.5.2/crtend.o /usr/lib64/gcc/x86_64-slackware-linux/4.5.2/../../../../lib64/crtn.o]
    arg [/usr/libexec/gcc/x86_64-slackware-linux/4.5.2/collect2] ==> ignore
    arg [--eh-frame-hdr] ==> ignore
    arg [-m] ==> ignore
    arg [elf_x86_64] ==> ignore
    arg [-export-dynamic] ==> ignore
    arg [-dynamic-linker] ==> ignore
    arg [/lib64/ld-linux-x86-64.so.2] ==> ignore
    arg [-o] ==> ignore
    arg [cmTryCompileExec3624175279] ==> ignore
    arg [/usr/lib64/gcc/x86_64-slackware-linux/4.5.2/../../../../lib64/crt1.o] ==> ignore
    arg [/usr/lib64/gcc/x86_64-slackware-linux/4.5.2/../../../../lib64/crti.o] ==> ignore
    arg [/usr/lib64/gcc/x86_64-slackware-linux/4.5.2/crtbegin.o] ==> ignore
    arg [-L/usr/lib64/gcc/x86_64-slackware-linux/4.5.2] ==> dir [/usr/lib64/gcc/x86_64-slackware-linux/4.5.2]
    arg [-L/usr/lib64/gcc/x86_64-slackware-linux/4.5.2/../../../../lib64] ==> dir [/usr/lib64/gcc/x86_64-slackware-linux/4.5.2/../../../../lib64]
    arg [-L/lib/../lib64] ==> dir [/lib/../lib64]
    arg [-L/usr/lib/../lib64] ==> dir [/usr/lib/../lib64]
    arg [-L/usr/lib64/gcc/x86_64-slackware-linux/4.5.2/../../../../x86_64-slackware-linux/lib] ==> dir [/usr/lib64/gcc/x86_64-slackware-linux/4.5.2/../../../../x86_64-slackware-linux/lib]
    arg [-L/usr/lib64/gcc/x86_64-slackware-linux/4.5.2/../../..] ==> dir [/usr/lib64/gcc/x86_64-slackware-linux/4.5.2/../../..]
    arg [CMakeFiles/cmTryCompileExec3624175279.dir/CMakeCCompilerABI.c.o] ==> ignore
    arg [-lgcc] ==> lib [gcc]
    arg [--as-needed] ==> ignore
    arg [-lgcc_s] ==> lib [gcc_s]
    arg [--no-as-needed] ==> ignore
    arg [-lc] ==> lib [c]
    arg [-lgcc] ==> lib [gcc]
    arg [--as-needed] ==> ignore
    arg [-lgcc_s] ==> lib [gcc_s]
    arg [--no-as-needed] ==> ignore
    arg [/usr/lib64/gcc/x86_64-slackware-linux/4.5.2/crtend.o] ==> ignore
    arg [/usr/lib64/gcc/x86_64-slackware-linux/4.5.2/../../../../lib64/crtn.o] ==> ignore
  remove lib [gcc]
  remove lib [gcc_s]
  remove lib [gcc]
  remove lib [gcc_s]
  collapse dir [/usr/lib64/gcc/x86_64-slackware-linux/4.5.2] ==> [/usr/lib64/gcc/x86_64-slackware-linux/4.5.2]
  collapse dir [/usr/lib64/gcc/x86_64-slackware-linux/4.5.2/../../../../lib64] ==> [/usr/lib64]
  collapse dir [/lib/../lib64] ==> [/lib64]
  collapse dir [/usr/lib/../lib64] ==> [/usr/lib64]
  collapse dir [/usr/lib64/gcc/x86_64-slackware-linux/4.5.2/../../../../x86_64-slackware-linux/lib] ==> [/usr/x86_64-slackware-linux/lib]
  collapse dir [/usr/lib64/gcc/x86_64-slackware-linux/4.5.2/../../..] ==> [/usr/lib64]
  implicit libs: [c]
  implicit dirs: [/usr/lib64/gcc/x86_64-slackware-linux/4.5.2;/usr/lib64;/lib64;/usr/x86_64-slackware-linux/lib]


Determining if the CXX compiler works passed with the following output:
Change Dir: /home/varsha/in_place_of_vatic/src/CMakeFiles/CMakeTmp

Run Build Command:/usr/bin/gmake "cmTryCompileExec3722256883/fast"
/usr/bin/gmake -f CMakeFiles/cmTryCompileExec3722256883.dir/build.make CMakeFiles/cmTryCompileExec3722256883.dir/build
gmake[1]: Entering directory `/home/varsha/in_place_of_vatic/src/CMakeFiles/CMakeTmp'
/usr/local/bin/cmake -E cmake_progress_report /home/varsha/in_place_of_vatic/src/CMakeFiles/CMakeTmp/CMakeFiles 1
Building CXX object CMakeFiles/cmTryCompileExec3722256883.dir/testCXXCompiler.cxx.o
/usr/bin/c++     -o CMakeFiles/cmTryCompileExec3722256883.dir/testCXXCompiler.cxx.o -c /home/varsha/in_place_of_vatic/src/CMakeFiles/CMakeTmp/testCXXCompiler.cxx
Linking CXX executable cmTryCompileExec3722256883
/usr/local/bin/cmake -E cmake_link_script CMakeFiles/cmTryCompileExec3722256883.dir/link.txt --verbose=1
/usr/bin/c++          CMakeFiles/cmTryCompileExec3722256883.dir/testCXXCompiler.cxx.o  -o cmTryCompileExec3722256883 -rdynamic 
gmake[1]: Leaving directory `/home/varsha/in_place_of_vatic/src/CMakeFiles/CMakeTmp'


Detecting CXX compiler ABI info compiled with the following output:
Change Dir: /home/varsha/in_place_of_vatic/src/CMakeFiles/CMakeTmp

Run Build Command:/usr/bin/gmake "cmTryCompileExec3153064140/fast"
/usr/bin/gmake -f CMakeFiles/cmTryCompileExec3153064140.dir/build.make CMakeFiles/cmTryCompileExec3153064140.dir/build
gmake[1]: Entering directory `/home/varsha/in_place_of_vatic/src/CMakeFiles/CMakeTmp'
/usr/local/bin/cmake -E cmake_progress_report /home/varsha/in_place_of_vatic/src/CMakeFiles/CMakeTmp/CMakeFiles 1
Building CXX object CMakeFiles/cmTryCompileExec3153064140.dir/CMakeCXXCompilerABI.cpp.o
/usr/bin/c++     -o CMakeFiles/cmTryCompileExec3153064140.dir/CMakeCXXCompilerABI.cpp.o -c /usr/local/share/cmake-2.8/Modules/CMakeCXXCompilerABI.cpp
Linking CXX executable cmTryCompileExec3153064140
/usr/local/bin/cmake -E cmake_link_script CMakeFiles/cmTryCompileExec3153064140.dir/link.txt --verbose=1
/usr/bin/c++        -v CMakeFiles/cmTryCompileExec3153064140.dir/CMakeCXXCompilerABI.cpp.o  -o cmTryCompileExec3153064140 -rdynamic  
Reading specs from /usr/lib64/gcc/x86_64-slackware-linux/4.5.2/specs
COLLECT_GCC=/usr/bin/c++
COLLECT_LTO_WRAPPER=/usr/libexec/gcc/x86_64-slackware-linux/4.5.2/lto-wrapper
Target: x86_64-slackware-linux
Configured with: ../gcc-4.5.2/configure --prefix=/usr --libdir=/usr/lib64 --mandir=/usr/man --infodir=/usr/info --enable-shared --enable-bootstrap --enable-languages=ada,c,c++,fortran,java,objc,lto --enable-threads=posix --enable-checking=release --with-system-zlib --with-python-dir=/lib64/python2.6/site-packages --disable-libunwind-exceptions --enable-__cxa_atexit --enable-libssp --enable-lto --with-gnu-ld --verbose --disable-multilib --target=x86_64-slackware-linux --build=x86_64-slackware-linux --host=x86_64-slackware-linux
Thread model: posix
gcc version 4.5.2 (GCC) 
COMPILER_PATH=/usr/libexec/gcc/x86_64-slackware-linux/4.5.2/:/usr/libexec/gcc/x86_64-slackware-linux/4.5.2/:/usr/libexec/gcc/x86_64-slackware-linux/:/usr/lib64/gcc/x86_64-slackware-linux/4.5.2/:/usr/lib64/gcc/x86_64-slackware-linux/:/usr/lib64/gcc/x86_64-slackware-linux/4.5.2/../../../../x86_64-slackware-linux/bin/
LIBRARY_PATH=/usr/lib64/gcc/x86_64-slackware-linux/4.5.2/:/usr/lib64/gcc/x86_64-slackware-linux/4.5.2/../../../../lib64/:/lib/../lib64/:/usr/lib/../lib64/:/usr/lib64/gcc/x86_64-slackware-linux/4.5.2/../../../../x86_64-slackware-linux/lib/:/usr/lib64/gcc/x86_64-slackware-linux/4.5.2/../../../:/lib/:/usr/lib/
COLLECT_GCC_OPTIONS='-v' '-o' 'cmTryCompileExec3153064140' '-rdynamic' '-shared-libgcc' '-mtune=generic' '-march=x86-64'
 /usr/libexec/gcc/x86_64-slackware-linux/4.5.2/collect2 --eh-frame-hdr -m elf_x86_64 -export-dynamic -dynamic-linker /lib64/ld-linux-x86-64.so.2 -o cmTryCompileExec3153064140 /usr/lib64/gcc/x86_64-slackware-linux/4.5.2/../../../../lib64/crt1.o /usr/lib64/gcc/x86_64-slackware-linux/4.5.2/../../../../lib64/crti.o /usr/lib64/gcc/x86_64-slackware-linux/4.5.2/crtbegin.o -L/usr/lib64/gcc/x86_64-slackware-linux/4.5.2 -L/usr/lib64/gcc/x86_64-slackware-linux/4.5.2/../../../../lib64 -L/lib/../lib64 -L/usr/lib/../lib64 -L/usr/lib64/gcc/x86_64-slackware-linux/4.5.2/../../../../x86_64-slackware-linux/lib -L/usr/lib64/gcc/x86_64-slackware-linux/4.5.2/../../.. CMakeFiles/cmTryCompileExec3153064140.dir/CMakeCXXCompilerABI.cpp.o -lstdc++ -lm -lgcc_s -lgcc -lc -lgcc_s -lgcc /usr/lib64/gcc/x86_64-slackware-linux/4.5.2/crtend.o /usr/lib64/gcc/x86_64-slackware-linux/4.5.2/../../../../lib64/crtn.o
gmake[1]: Leaving directory `/home/varsha/in_place_of_vatic/src/CMakeFiles/CMakeTmp'


Parsed CXX implicit link information from above output:
  link line regex: [^( *|.*[/\])(ld|ld|collect2)[^/\]*( |$)]
  ignore line: [Change Dir: /home/varsha/in_place_of_vatic/src/CMakeFiles/CMakeTmp]
  ignore line: []
  ignore line: [Run Build Command:/usr/bin/gmake "cmTryCompileExec3153064140/fast"]
  ignore line: [/usr/bin/gmake -f CMakeFiles/cmTryCompileExec3153064140.dir/build.make CMakeFiles/cmTryCompileExec3153064140.dir/build]
  ignore line: [gmake[1]: Entering directory `/home/varsha/in_place_of_vatic/src/CMakeFiles/CMakeTmp']
  ignore line: [/usr/local/bin/cmake -E cmake_progress_report /home/varsha/in_place_of_vatic/src/CMakeFiles/CMakeTmp/CMakeFiles 1]
  ignore line: [Building CXX object CMakeFiles/cmTryCompileExec3153064140.dir/CMakeCXXCompilerABI.cpp.o]
  ignore line: [/usr/bin/c++     -o CMakeFiles/cmTryCompileExec3153064140.dir/CMakeCXXCompilerABI.cpp.o -c /usr/local/share/cmake-2.8/Modules/CMakeCXXCompilerABI.cpp]
  ignore line: [Linking CXX executable cmTryCompileExec3153064140]
  ignore line: [/usr/local/bin/cmake -E cmake_link_script CMakeFiles/cmTryCompileExec3153064140.dir/link.txt --verbose=1]
  ignore line: [/usr/bin/c++        -v CMakeFiles/cmTryCompileExec3153064140.dir/CMakeCXXCompilerABI.cpp.o  -o cmTryCompileExec3153064140 -rdynamic  ]
  ignore line: [Reading specs from /usr/lib64/gcc/x86_64-slackware-linux/4.5.2/specs]
  ignore line: [COLLECT_GCC=/usr/bin/c++]
  ignore line: [COLLECT_LTO_WRAPPER=/usr/libexec/gcc/x86_64-slackware-linux/4.5.2/lto-wrapper]
  ignore line: [Target: x86_64-slackware-linux]
  ignore line: [Configured with: ../gcc-4.5.2/configure --prefix=/usr --libdir=/usr/lib64 --mandir=/usr/man --infodir=/usr/info --enable-shared --enable-bootstrap --enable-languages=ada,c,c++,fortran,java,objc,lto --enable-threads=posix --enable-checking=release --with-system-zlib --with-python-dir=/lib64/python2.6/site-packages --disable-libunwind-exceptions --enable-__cxa_atexit --enable-libssp --enable-lto --with-gnu-ld --verbose --disable-multilib --target=x86_64-slackware-linux --build=x86_64-slackware-linux --host=x86_64-slackware-linux]
  ignore line: [Thread model: posix]
  ignore line: [gcc version 4.5.2 (GCC) ]
  ignore line: [COMPILER_PATH=/usr/libexec/gcc/x86_64-slackware-linux/4.5.2/:/usr/libexec/gcc/x86_64-slackware-linux/4.5.2/:/usr/libexec/gcc/x86_64-slackware-linux/:/usr/lib64/gcc/x86_64-slackware-linux/4.5.2/:/usr/lib64/gcc/x86_64-slackware-linux/:/usr/lib64/gcc/x86_64-slackware-linux/4.5.2/../../../../x86_64-slackware-linux/bin/]
  ignore line: [LIBRARY_PATH=/usr/lib64/gcc/x86_64-slackware-linux/4.5.2/:/usr/lib64/gcc/x86_64-slackware-linux/4.5.2/../../../../lib64/:/lib/../lib64/:/usr/lib/../lib64/:/usr/lib64/gcc/x86_64-slackware-linux/4.5.2/../../../../x86_64-slackware-linux/lib/:/usr/lib64/gcc/x86_64-slackware-linux/4.5.2/../../../:/lib/:/usr/lib/]
  ignore line: [COLLECT_GCC_OPTIONS='-v' '-o' 'cmTryCompileExec3153064140' '-rdynamic' '-shared-libgcc' '-mtune=generic' '-march=x86-64']
  link line: [ /usr/libexec/gcc/x86_64-slackware-linux/4.5.2/collect2 --eh-frame-hdr -m elf_x86_64 -export-dynamic -dynamic-linker /lib64/ld-linux-x86-64.so.2 -o cmTryCompileExec3153064140 /usr/lib64/gcc/x86_64-slackware-linux/4.5.2/../../../../lib64/crt1.o /usr/lib64/gcc/x86_64-slackware-linux/4.5.2/../../../../lib64/crti.o /usr/lib64/gcc/x86_64-slackware-linux/4.5.2/crtbegin.o -L/usr/lib64/gcc/x86_64-slackware-linux/4.5.2 -L/usr/lib64/gcc/x86_64-slackware-linux/4.5.2/../../../../lib64 -L/lib/../lib64 -L/usr/lib/../lib64 -L/usr/lib64/gcc/x86_64-slackware-linux/4.5.2/../../../../x86_64-slackware-linux/lib -L/usr/lib64/gcc/x86_64-slackware-linux/4.5.2/../../.. CMakeFiles/cmTryCompileExec3153064140.dir/CMakeCXXCompilerABI.cpp.o -lstdc++ -lm -lgcc_s -lgcc -lc -lgcc_s -lgcc /usr/lib64/gcc/x86_64-slackware-linux/4.5.2/crtend.o /usr/lib64/gcc/x86_64-slackware-linux/4.5.2/../../../../lib64/crtn.o]
    arg [/usr/libexec/gcc/x86_64-slackware-linux/4.5.2/collect2] ==> ignore
    arg [--eh-frame-hdr] ==> ignore
    arg [-m] ==> ignore
    arg [elf_x86_64] ==> ignore
    arg [-export-dynamic] ==> ignore
    arg [-dynamic-linker] ==> ignore
    arg [/lib64/ld-linux-x86-64.so.2] ==> ignore
    arg [-o] ==> ignore
    arg [cmTryCompileExec3153064140] ==> ignore
    arg [/usr/lib64/gcc/x86_64-slackware-linux/4.5.2/../../../../lib64/crt1.o] ==> ignore
    arg [/usr/lib64/gcc/x86_64-slackware-linux/4.5.2/../../../../lib64/crti.o] ==> ignore
    arg [/usr/lib64/gcc/x86_64-slackware-linux/4.5.2/crtbegin.o] ==> ignore
    arg [-L/usr/lib64/gcc/x86_64-slackware-linux/4.5.2] ==> dir [/usr/lib64/gcc/x86_64-slackware-linux/4.5.2]
    arg [-L/usr/lib64/gcc/x86_64-slackware-linux/4.5.2/../../../../lib64] ==> dir [/usr/lib64/gcc/x86_64-slackware-linux/4.5.2/../../../../lib64]
    arg [-L/lib/../lib64] ==> dir [/lib/../lib64]
    arg [-L/usr/lib/../lib64] ==> dir [/usr/lib/../lib64]
    arg [-L/usr/lib64/gcc/x86_64-slackware-linux/4.5.2/../../../../x86_64-slackware-linux/lib] ==> dir [/usr/lib64/gcc/x86_64-slackware-linux/4.5.2/../../../../x86_64-slackware-linux/lib]
    arg [-L/usr/lib64/gcc/x86_64-slackware-linux/4.5.2/../../..] ==> dir [/usr/lib64/gcc/x86_64-slackware-linux/4.5.2/../../..]
    arg [CMakeFiles/cmTryCompileExec3153064140.dir/CMakeCXXCompilerABI.cpp.o] ==> ignore
    arg [-lstdc++] ==> lib [stdc++]
    arg [-lm] ==> lib [m]
    arg [-lgcc_s] ==> lib [gcc_s]
    arg [-lgcc] ==> lib [gcc]
    arg [-lc] ==> lib [c]
    arg [-lgcc_s] ==> lib [gcc_s]
    arg [-lgcc] ==> lib [gcc]
    arg [/usr/lib64/gcc/x86_64-slackware-linux/4.5.2/crtend.o] ==> ignore
    arg [/usr/lib64/gcc/x86_64-slackware-linux/4.5.2/../../../../lib64/crtn.o] ==> ignore
  remove lib [gcc_s]
  remove lib [gcc]
  remove lib [gcc_s]
  remove lib [gcc]
  collapse dir [/usr/lib64/gcc/x86_64-slackware-linux/4.5.2] ==> [/usr/lib64/gcc/x86_64-slackware-linux/4.5.2]
  collapse dir [/usr/lib64/gcc/x86_64-slackware-linux/4.5.2/../../../../lib64] ==> [/usr/lib64]
  collapse dir [/lib/../lib64] ==> [/lib64]
  collapse dir [/usr/lib/../lib64] ==> [/usr/lib64]
  collapse dir [/usr/lib64/gcc/x86_64-slackware-linux/4.5.2/../../../../x86_64-slackware-linux/lib] ==> [/usr/x86_64-slackware-linux/lib]
  collapse dir [/usr/lib64/gcc/x86_64-slackware-linux/4.5.2/../../..] ==> [/usr/lib64]
  implicit libs: [stdc++;m;c]
  implicit dirs: [/usr/lib64/gcc/x86_64-slackware-linux/4.5.2;/usr/lib64;/lib64;/usr/x86_64-slackware-linux/lib]


